========================================
[周日 2026/03/15 21:21:27.39] start cron-gomessage
========================================
[21:21:27.39] run goMessage --profile ai
============================================================
飞书群消息整理工具
============================================================

✓ Token 验证成功

✓ 使用已配置的群聊 ID: oc_3204c7360f0b89f350480ac8f7a130c8

上次处理时间: 2026-03-15 17:39:05

正在获取群聊消息...
✓ 消息总数: 1771 条，其中自 17:39 以后的新消息有 2 条

正在提取消息中的链接...
✓ 提取到 0 个链接

没有包含链接的消息
✓ 已更新处理时间: 2026-03-15 17:40:39
[21:21:54.50] run goMessage --profile ot
============================================================
飞书群消息整理工具
============================================================

✓ Token 验证成功

✓ 使用已配置的群聊 ID: oc_9eeb7097a2443316645fff42f42df472

上次处理时间: 2026-03-15 14:39:26

正在获取群聊消息...
✓ 消息总数: 85 条，其中自 14:39 以后的新消息有 1 条

正在提取消息中的链接...
✓ 提取到 0 个链接

没有包含链接的消息
✓ 已更新处理时间: 2026-03-15 14:39:55
[21:21:57.18] done
